OpenSTA 2.3.1 6802190c15 Copyright (c) 2021, Parallax Software, Inc.
License GPLv3: GNU GPL version 3 <http://gnu.org/licenses/gpl.html>

This is free software, and you are free to change and redistribute it
under certain conditions; type `show_copying' for details. 
This program comes with ABSOLUTELY NO WARRANTY; for details type `show_warranty'.
Warning: There is 1 unconstrained endpoint.
  SYNC1/D
Startpoint: SYNC2 (rising edge-triggered flip-flop clocked by clk_net)
Endpoint: R1 (recovery check against rising-edge clock clk_net)
Path Group: **async_default**
Path Type: max

  Delay    Time   Description
---------------------------------------------------------
   0.00    0.00   clock clk_net (rise edge)
   0.00    0.00   clock network delay (ideal)
   0.00    0.00 ^ SYNC2/CLK (sky130_fd_sc_hd__dfbbp_1)
   0.47    0.47 ^ SYNC2/Q (sky130_fd_sc_hd__dfbbp_1)
   0.00    0.47 ^ R1/RESET_B (sky130_fd_sc_hd__dfbbp_1)
           0.47   data arrival time

   1.00    1.00   clock clk_net (rise edge)
   0.00    1.00   clock network delay (ideal)
   0.00    1.00   clock reconvergence pessimism
           1.00 ^ R1/CLK (sky130_fd_sc_hd__dfbbp_1)
  -0.07    0.93   library recovery time
           0.93   data required time
---------------------------------------------------------
           0.93   data required time
          -0.47   data arrival time
---------------------------------------------------------
           0.46   slack (MET)


